MPASM  5.51                           3_2.ASM   5-6-2016  14:56:03         PAGE  1


LOC  OBJECT CODE     LINE SOURCE TEXT
  VALUE

                      00001                 LIST    P=PIC16F84A
                      00002                 INCLUDE "P16F84A.INC"
                      00001         LIST
                      00002 
                      00003 ;==========================================================================
                      00004 ;  MPASM PIC16F84A processor include
                      00005 ; 
                      00006 ;  (c) Copyright 1999-2013 Microchip Technology, All rights reserved
                      00007 ;==========================================================================
                      00008 
                      00208         LIST
                      00003                 
2007   3FFE           00004                 __CONFIG        _HS_OSC
                      00005                 
  0000000C            00006 TMP0    EQU             0CH             
  0000000D            00007 TMP1    EQU             0DH
0000                  00008                 ORG             0H
                      00009 
0000                  00010 MAIN
0000   1683           00011                 BSF             STATUS, RP0             ;Bank1
Message[302]: Register in operand not in bank 0.  Ensure that bank bits are correct.
0001   0186           00012                 CLRF    TRISB
0002   301F           00013                 MOVLW   01FH
Message[302]: Register in operand not in bank 0.  Ensure that bank bits are correct.
0003   0085           00014                 MOVWF   TRISA   
0004   1283           00015                 BCF             STATUS, RP0
0005   0186           00016                 CLRF    PORTB
0006                  00017 LOOP
0006   0805           00018                 MOVF    PORTA,  W
0007   3901           00019                 ANDLW   B'00000001'
0008   008C           00020                 MOVWF   TMP0
0009   0805           00021                 MOVF    PORTA,  W
000A   3902           00022                 ANDLW   B'00000010'
000B   008D           00023                 MOVWF   TMP1
000C   1003           00024                 BCF             STATUS, C
000D   0C0D           00025                 RRF             TMP1,   W
000E   040C           00026                 IORWF   TMP0,   W
000F   0086           00027                 MOVWF   PORTB
0010   2806           00028                 GOTO    LOOP
                      00029                 END
MPASM  5.51                           3_2.ASM   5-6-2016  14:56:03         PAGE  2


SYMBOL TABLE
  LABEL                             VALUE 

C                                 00000000
DC                                00000001
EEADR                             00000009
EECON1                            00000088
EECON2                            00000089
EEDATA                            00000008
EEIE                              00000006
EEIF                              00000004
F                                 00000001
FSR                               00000004
GIE                               00000007
INDF                              00000000
INTCON                            0000000B
INTE                              00000004
INTEDG                            00000006
INTF                              00000001
IRP                               00000007
LOOP                              00000006
MAIN                              00000000
NOT_PD                            00000003
NOT_RBPU                          00000007
NOT_TO                            00000004
OPTION_REG                        00000081
PCL                               00000002
PCLATH                            0000000A
PORTA                             00000005
PORTB                             00000006
PS0                               00000000
PS1                               00000001
PS2                               00000002
PSA                               00000003
RA0                               00000000
RA1                               00000001
RA2                               00000002
RA3                               00000003
RA4                               00000004
RB0                               00000000
RB1                               00000001
RB2                               00000002
RB3                               00000003
RB4                               00000004
RB5                               00000005
RB6                               00000006
RB7                               00000007
RBIE                              00000003
RBIF                              00000000
RD                                00000000
RP0                               00000005
RP1                               00000006
STATUS                            00000003
T0CS                              00000005
T0IE                              00000005
T0IF                              00000002
MPASM  5.51                           3_2.ASM   5-6-2016  14:56:03         PAGE  3


SYMBOL TABLE
  LABEL                             VALUE 

T0SE                              00000004
TMP0                              0000000C
TMP1                              0000000D
TMR0                              00000001
TMR0IE                            00000005
TMR0IF                            00000002
TRISA                             00000085
TRISA0                            00000000
TRISA1                            00000001
TRISA2                            00000002
TRISA3                            00000003
TRISA4                            00000004
TRISB                             00000086
TRISB0                            00000000
TRISB1                            00000001
TRISB2                            00000002
TRISB3                            00000003
TRISB4                            00000004
TRISB5                            00000005
TRISB6                            00000006
TRISB7                            00000007
W                                 00000000
WR                                00000001
WREN                              00000002
WRERR                             00000003
Z                                 00000002
_CONFIG                           00002007
_CP_OFF                           00003FFF
_CP_ON                            0000000F
_DEVID1                           00002006
_FOSC_EXTRC                       00003FFF
_FOSC_HS                          00003FFE
_FOSC_LP                          00003FFC
_FOSC_XT                          00003FFD
_HS_OSC                           00003FFE
_IDLOC0                           00002000
_IDLOC1                           00002001
_IDLOC2                           00002002
_IDLOC3                           00002003
_LP_OSC                           00003FFC
_PWRTE_OFF                        00003FFF
_PWRTE_ON                         00003FF7
_RC_OSC                           00003FFF
_WDTE_OFF                         00003FFB
_WDTE_ON                          00003FFF
_WDT_OFF                          00003FFB
_WDT_ON                           00003FFF
_XT_OSC                           00003FFD
__16F84A                          00000001
MPASM  5.51                           3_2.ASM   5-6-2016  14:56:03         PAGE  4


MEMORY USAGE MAP ('X' = Used,  '-' = Unused)


0000 : XXXXXXXXXXXXXXXX X--------------- ---------------- ----------------
2000 : -------X-------- ---------------- ---------------- ----------------

All other memory blocks unused.

Program Memory Words Used:    17
Program Memory Words Free:  1007


Errors   :     0
Warnings :     0 reported,     0 suppressed
Messages :     2 reported,     0 suppressed

