MPASM  5.51                           4_1.ASM   5-13-2016  14:50:34         PAGE  1


LOC  OBJECT CODE     LINE SOURCE TEXT
  VALUE

                      00001                 LIST    P=PIC16F84A
                      00002                 INCLUDE "P16F84A.INC"
                      00001         LIST
                      00002 
                      00003 ;==========================================================================
                      00004 ;  MPASM PIC16F84A processor include
                      00005 ; 
                      00006 ;  (c) Copyright 1999-2013 Microchip Technology, All rights reserved
                      00007 ;==========================================================================
                      00008 
                      00208         LIST
                      00003                 
2007   3FFA           00004                 __CONFIG        _HS_OSC&_WDT_OFF
                      00005                 
  0000000C            00006 CNT1    EQU             0CH
  0000000D            00007 CNT2    EQU             0DH
  0000000E            00008 CNT3    EQU             0EH
                      00009 
0000                  00010                 ORG             0H
                      00011 
0000                  00012 MAIN    
0000   1683           00013                 BSF             STATUS,RP0
Message[302]: Register in operand not in bank 0.  Ensure that bank bits are correct.
0001   0186           00014                 CLRF    TRISB
0002   1283           00015                 BCF             STATUS,RP0
0003                  00016 MAINLP  
0003   0186           00017                 CLRF    PORTB
0004   2018           00018                 CALL    TIME05  
0005   30FF           00019                 MOVLW   0FFH
0006   0086           00020                 MOVWF   PORTB
0007   2018           00021                 CALL    TIME05
0008   2803           00022                 GOTO    MAINLP
                      00023         
                      00024 
0009                  00025 TIME100U                                                
0009   30A5           00026                 MOVLW   0A5H                    
000A   008C           00027                 MOVWF   CNT1                    
000B   0000           00028                 NOP                                             
000C   0000           00029                 NOP                                             
000D                  00030 LOOP1
000D   0B8C           00031                 DECFSZ  CNT1,F                  
000E   280D           00032                 GOTO    LOOP1                   
000F   0008           00033                 RETURN                                  
                      00034                 
                      00035 
0010                  00036 TIME10M
0010   3063           00037                 MOVLW   063H                    
0011   008D           00038                 MOVWF   CNT2                    
0012   0000           00039                 NOP                                             
0013   0000           00040                 NOP                                             
0014                  00041 LOOP2
0014   2009           00042                 CALL    TIME100U                
0015   0B8D           00043                 DECFSZ  CNT2,F                  
MPASM  5.51                           4_1.ASM   5-13-2016  14:50:34         PAGE  2


LOC  OBJECT CODE     LINE SOURCE TEXT
  VALUE

0016   2814           00044                 GOTO    LOOP2                   
0017   0008           00045                 RETURN                                  
                      00046 
                      00047 
0018                  00048 TIME05
0018   3032           00049                 MOVLW   032H                    
0019   008E           00050                 MOVWF   CNT3
001A                  00051 LOOP3
001A   2010           00052                 CALL    TIME10M
001B   0B8E           00053                 DECFSZ  CNT3,F
001C   281A           00054                 GOTO    LOOP3
001D   0008           00055                 RETURN
                      00056                 
                      00057                 END
MPASM  5.51                           4_1.ASM   5-13-2016  14:50:34         PAGE  3


SYMBOL TABLE
  LABEL                             VALUE 

C                                 00000000
CNT1                              0000000C
CNT2                              0000000D
CNT3                              0000000E
DC                                00000001
EEADR                             00000009
EECON1                            00000088
EECON2                            00000089
EEDATA                            00000008
EEIE                              00000006
EEIF                              00000004
F                                 00000001
FSR                               00000004
GIE                               00000007
INDF                              00000000
INTCON                            0000000B
INTE                              00000004
INTEDG                            00000006
INTF                              00000001
IRP                               00000007
LOOP1                             0000000D
LOOP2                             00000014
LOOP3                             0000001A
MAIN                              00000000
MAINLP                            00000003
NOT_PD                            00000003
NOT_RBPU                          00000007
NOT_TO                            00000004
OPTION_REG                        00000081
PCL                               00000002
PCLATH                            0000000A
PORTA                             00000005
PORTB                             00000006
PS0                               00000000
PS1                               00000001
PS2                               00000002
PSA                               00000003
RA0                               00000000
RA1                               00000001
RA2                               00000002
RA3                               00000003
RA4                               00000004
RB0                               00000000
RB1                               00000001
RB2                               00000002
RB3                               00000003
RB4                               00000004
RB5                               00000005
RB6                               00000006
RB7                               00000007
RBIE                              00000003
RBIF                              00000000
RD                                00000000
MPASM  5.51                           4_1.ASM   5-13-2016  14:50:34         PAGE  4


SYMBOL TABLE
  LABEL                             VALUE 

RP0                               00000005
RP1                               00000006
STATUS                            00000003
T0CS                              00000005
T0IE                              00000005
T0IF                              00000002
T0SE                              00000004
TIME05                            00000018
TIME100U                          00000009
TIME10M                           00000010
TMR0                              00000001
TMR0IE                            00000005
TMR0IF                            00000002
TRISA                             00000085
TRISA0                            00000000
TRISA1                            00000001
TRISA2                            00000002
TRISA3                            00000003
TRISA4                            00000004
TRISB                             00000086
TRISB0                            00000000
TRISB1                            00000001
TRISB2                            00000002
TRISB3                            00000003
TRISB4                            00000004
TRISB5                            00000005
TRISB6                            00000006
TRISB7                            00000007
W                                 00000000
WR                                00000001
WREN                              00000002
WRERR                             00000003
Z                                 00000002
_CONFIG                           00002007
_CP_OFF                           00003FFF
_CP_ON                            0000000F
_DEVID1                           00002006
_FOSC_EXTRC                       00003FFF
_FOSC_HS                          00003FFE
_FOSC_LP                          00003FFC
_FOSC_XT                          00003FFD
_HS_OSC                           00003FFE
_IDLOC0                           00002000
_IDLOC1                           00002001
_IDLOC2                           00002002
_IDLOC3                           00002003
_LP_OSC                           00003FFC
_PWRTE_OFF                        00003FFF
_PWRTE_ON                         00003FF7
_RC_OSC                           00003FFF
_WDTE_OFF                         00003FFB
_WDTE_ON                          00003FFF
_WDT_OFF                          00003FFB
MPASM  5.51                           4_1.ASM   5-13-2016  14:50:34         PAGE  5


SYMBOL TABLE
  LABEL                             VALUE 

_WDT_ON                           00003FFF
_XT_OSC                           00003FFD
__16F84A                          00000001


MEMORY USAGE MAP ('X' = Used,  '-' = Unused)

0000 : XXXXXXXXXXXXXXXX XXXXXXXXXXXXXX-- ---------------- ----------------
2000 : -------X-------- ---------------- ---------------- ----------------

All other memory blocks unused.

Program Memory Words Used:    30
Program Memory Words Free:   994


Errors   :     0
Warnings :     0 reported,     0 suppressed
Messages :     1 reported,     0 suppressed

